<?xml version="1.0" encoding="UTF-8"?>
<!-- Generated by org.testng.reporters.JUnitReportReporter -->
<testsuite hostname="LAPTOP-7Q1JLJEE" failures="0" tests="1" name="Test_Case.Test_Case_Implementation" time="129.076" errors="0" timestamp="2023-05-08T14:08:21 IST" skipped="0">
  <testcase classname="Test_Case.Test_Case_Implementation" name="verifySupportGetStartedURL" time="129.076"/>
  <system-out/>
</testsuite> <!-- Test_Case.Test_Case_Implementation -->
