<?xml version="1.0" encoding="UTF-8"?>
<!-- Generated by org.testng.reporters.JUnitReportReporter -->
<testsuite hostname="LAPTOP-7Q1JLJEE" failures="0" tests="1" name="Test_Case.Team_Test_Case_Implementation" time="393.675" errors="0" timestamp="2023-04-26T12:35:19 IST" skipped="0">
  <testcase classname="Test_Case.Team_Test_Case_Implementation" name="Team" time="393.675"/>
  <system-out/>
</testsuite> <!-- Test_Case.Team_Test_Case_Implementation -->
