<?xml version="1.0" encoding="UTF-8"?>
<!-- Generated by org.testng.reporters.JUnitReportReporter -->
<testsuite hostname="LAPTOP-7Q1JLJEE" failures="0" tests="1" name="Test_Case.Test_Case_Implementation" time="49.998" errors="0" timestamp="2023-02-22T18:15:36 IST" skipped="0">
  <testcase classname="Test_Case.Test_Case_Implementation" name="testing_username_insertion" time="49.998"/>
  <system-out/>
</testsuite> <!-- Test_Case.Test_Case_Implementation -->
