<?xml version="1.0" encoding="UTF-8"?>
<!-- Generated by org.testng.reporters.JUnitReportReporter -->
<testsuite hostname="LAPTOP-7Q1JLJEE" failures="0" tests="1" name="SHOAD_testCases.loginTestCaseImplementation" time="14.497" errors="0" timestamp="2023-05-16T17:54:08 IST" skipped="0">
  <testcase classname="SHOAD_testCases.loginTestCaseImplementation" name="loginWithEitherBlankData" time="14.497"/>
  <system-out/>
</testsuite> <!-- SHOAD_testCases.loginTestCaseImplementation -->
