<?xml version="1.0" encoding="UTF-8"?>
<!-- Generated by org.testng.reporters.JUnitReportReporter -->
<testsuite hostname="LAPTOP-7Q1JLJEE" failures="0" tests="1" name="Test_Case.Test_Case_Implementation" time="100.023" errors="0" timestamp="2023-03-16T17:51:46 IST" skipped="0">
  <testcase classname="Test_Case.Test_Case_Implementation" name="brightMlsTest" time="100.023"/>
  <system-out/>
</testsuite> <!-- Test_Case.Test_Case_Implementation -->
