<?xml version="1.0" encoding="UTF-8"?>
<!-- Generated by org.testng.reporters.JUnitReportReporter -->
<testsuite hostname="LAPTOP-7Q1JLJEE" failures="0" tests="1" name="Test_Case.SearchListings_Test_Case_Implementation" time="209.074" errors="0" timestamp="2023-05-01T16:13:19 IST" skipped="0">
  <testcase classname="Test_Case.SearchListings_Test_Case_Implementation" name="searchListings" time="209.074"/>
  <system-out/>
</testsuite> <!-- Test_Case.SearchListings_Test_Case_Implementation -->
