<?xml version="1.0" encoding="UTF-8"?>
<!-- Generated by org.testng.reporters.JUnitReportReporter -->
<testsuite hostname="LAPTOP-7Q1JLJEE" failures="0" tests="1" name="SHOAD_testCases.mlsTestCaseImplementation" time="15.377" errors="0" timestamp="2023-05-25T17:12:35 IST" skipped="0">
  <testcase classname="SHOAD_testCases.mlsTestCaseImplementation" name="verifyCardContent" time="15.377"/>
  <system-out/>
</testsuite> <!-- SHOAD_testCases.mlsTestCaseImplementation -->
