<?xml version="1.0" encoding="UTF-8"?>
<!-- Generated by org.testng.reporters.JUnitReportReporter -->
<testsuite hostname="LAPTOP-7Q1JLJEE" failures="0" tests="1" name="Test_Case.ProductivityView_Test_Case_Implementation" time="107.031" errors="0" timestamp="2023-05-02T17:59:09 IST" skipped="0">
  <testcase classname="Test_Case.ProductivityView_Test_Case_Implementation" name="verifyPreviousYearListingData" time="107.031"/>
  <system-out/>
</testsuite> <!-- Test_Case.ProductivityView_Test_Case_Implementation -->
