<?xml version="1.0" encoding="UTF-8"?>
<!-- Generated by org.testng.reporters.JUnitReportReporter -->
<testsuite hostname="LAPTOP-7Q1JLJEE" failures="0" tests="1" name="Test_Case.Team_Lead_Test_Case_Implementation" time="67.523" errors="0" timestamp="2023-03-16T13:18:11 IST" skipped="0">
  <testcase classname="Test_Case.Team_Lead_Test_Case_Implementation" name="teamLeadTest" time="67.523"/>
  <system-out/>
</testsuite> <!-- Test_Case.Team_Lead_Test_Case_Implementation -->
