<?xml version="1.0" encoding="UTF-8"?>
<!-- Generated by org.testng.reporters.JUnitReportReporter -->
<testsuite hostname="LAPTOP-7Q1JLJEE" failures="0" tests="1" name="SHOAD_testCases.subscriptionTestCaseImplementation" time="22.772" errors="0" timestamp="2023-05-29T17:59:27 IST" skipped="0">
  <testcase classname="SHOAD_testCases.subscriptionTestCaseImplementation" name="verifyCardOrder" time="22.772"/>
  <system-out/>
</testsuite> <!-- SHOAD_testCases.subscriptionTestCaseImplementation -->
