<?xml version="1.0" encoding="UTF-8"?>
<!-- Generated by org.testng.reporters.JUnitReportReporter -->
<testsuite hostname="LAPTOP-7Q1JLJEE" failures="0" tests="1" name="Test_Case.CentreCounty_Test_Case" time="74.515" errors="0" timestamp="2023-05-09T16:36:08 IST" skipped="0">
  <testcase classname="Test_Case.CentreCounty_Test_Case" name="verifyDiscoverBrightSection" time="74.515"/>
  <system-out/>
</testsuite> <!-- Test_Case.CentreCounty_Test_Case -->
