<?xml version="1.0" encoding="UTF-8"?>
<!-- Generated by org.testng.reporters.JUnitReportReporter -->
<testsuite hostname="LAPTOP-7Q1JLJEE" failures="0" tests="1" name="Test_Case.Broker_Test_Case_Implementation" time="77.107" errors="0" timestamp="2023-04-03T17:32:43 IST" skipped="0">
  <testcase classname="Test_Case.Broker_Test_Case_Implementation" name="disbandTeam" time="77.107"/>
  <system-out/>
</testsuite> <!-- Test_Case.Broker_Test_Case_Implementation -->
