<?xml version="1.0" encoding="UTF-8"?>
<!-- Generated by org.testng.reporters.JUnitReportReporter -->
<testsuite hostname="LAPTOP-7Q1JLJEE" failures="0" tests="1" name="Test_Case.Broker_Test_Case_Implementation" time="79.135" errors="0" timestamp="2023-03-16T17:53:27 IST" skipped="0">
  <testcase classname="Test_Case.Broker_Test_Case_Implementation" name="brightMlsBrokerTest" time="79.135"/>
  <system-out/>
</testsuite> <!-- Test_Case.Broker_Test_Case_Implementation -->
