<?xml version="1.0" encoding="UTF-8"?>
<!-- Generated by org.testng.reporters.JUnitReportReporter -->
<testsuite hostname="LAPTOP-7Q1JLJEE" failures="0" tests="1" name="Test_Case.Marketplace_Test_Case_Implementation" time="10.989" errors="0" timestamp="2023-04-20T16:00:01 IST" skipped="0">
  <testcase classname="Test_Case.Marketplace_Test_Case_Implementation" name="checkAnchorLinks" time="10.989"/>
  <system-out/>
</testsuite> <!-- Test_Case.Marketplace_Test_Case_Implementation -->
