<?xml version="1.0" encoding="UTF-8"?>
<!-- Generated by org.testng.reporters.JUnitReportReporter -->
<testsuite hostname="LAPTOP-7Q1JLJEE" failures="0" tests="1" name="SHOAD_testCases.applicationTestCaseImplementation" time="52.872" errors="0" timestamp="2023-05-29T18:18:09 IST" skipped="0">
  <testcase classname="SHOAD_testCases.applicationTestCaseImplementation" name="verifyEditFunctionality" time="52.872"/>
  <system-out/>
</testsuite> <!-- SHOAD_testCases.applicationTestCaseImplementation -->
