<?xml version="1.0" encoding="UTF-8"?>
<!-- Generated by org.testng.reporters.JUnitReportReporter -->
<testsuite hostname="LAPTOP-7Q1JLJEE" failures="0" tests="1" name="SHOAD_testCases.organizationTestCaseImplementation" time="17.978" errors="0" timestamp="2023-05-25T17:07:29 IST" skipped="0">
  <testcase classname="SHOAD_testCases.organizationTestCaseImplementation" name="verifyCardContent" time="17.978"/>
  <system-out/>
</testsuite> <!-- SHOAD_testCases.organizationTestCaseImplementation -->
